{"C:\\Users\\Ådne\\Google Drive\\NTNU\\3. semester\\Systemutvikling 2 med web-applikasjoner\\newspaper\\react-services\\server\\dao\\dao.js": {"path":"C:\\Users\\Ådne\\Google Drive\\NTNU\\3. semester\\Systemutvikling 2 med web-applikasjoner\\newspaper\\react-services\\server\\dao\\dao.js","statementMap":{"0":{"start":{"line":3,"column":0},"end":{"line":31,"column":2}},"1":{"start":{"line":7,"column":4},"end":{"line":7,"column":21}},"2":{"start":{"line":11,"column":4},"end":{"line":29,"column":7}},"3":{"start":{"line":12,"column":6},"end":{"line":12,"column":48}},"4":{"start":{"line":13,"column":6},"end":{"line":28,"column":7}},"5":{"start":{"line":14,"column":8},"end":{"line":14,"column":45}},"6":{"start":{"line":15,"column":8},"end":{"line":15,"column":60}},"7":{"start":{"line":17,"column":8},"end":{"line":17,"column":48}},"8":{"start":{"line":18,"column":8},"end":{"line":27,"column":11}},"9":{"start":{"line":19,"column":10},"end":{"line":19,"column":31}},"10":{"start":{"line":20,"column":10},"end":{"line":26,"column":11}},"11":{"start":{"line":21,"column":12},"end":{"line":21,"column":29}},"12":{"start":{"line":22,"column":12},"end":{"line":22,"column":55}},"13":{"start":{"line":24,"column":12},"end":{"line":24,"column":47}},"14":{"start":{"line":25,"column":12},"end":{"line":25,"column":32}}},"fnMap":{"0":{"name":"(anonymous_0)","decl":{"start":{"line":5,"column":2},"end":{"line":5,"column":3}},"loc":{"start":{"line":5,"column":20},"end":{"line":8,"column":3}},"line":5},"1":{"name":"(anonymous_1)","decl":{"start":{"line":10,"column":2},"end":{"line":10,"column":3}},"loc":{"start":{"line":10,"column":31},"end":{"line":30,"column":3}},"line":10},"2":{"name":"(anonymous_2)","decl":{"start":{"line":11,"column":28},"end":{"line":11,"column":29}},"loc":{"start":{"line":11,"column":49},"end":{"line":29,"column":5}},"line":11},"3":{"name":"(anonymous_3)","decl":{"start":{"line":18,"column":38},"end":{"line":18,"column":39}},"loc":{"start":{"line":18,"column":53},"end":{"line":27,"column":9}},"line":18}},"branchMap":{"0":{"loc":{"start":{"line":13,"column":6},"end":{"line":28,"column":7}},"type":"if","locations":[{"start":{"line":13,"column":6},"end":{"line":28,"column":7}},{"start":{"line":13,"column":6},"end":{"line":28,"column":7}}],"line":13},"1":{"loc":{"start":{"line":20,"column":10},"end":{"line":26,"column":11}},"type":"if","locations":[{"start":{"line":20,"column":10},"end":{"line":26,"column":11}},{"start":{"line":20,"column":10},"end":{"line":26,"column":11}}],"line":20}},"s":{"0":1,"1":1,"2":1,"3":1,"4":1,"5":0,"6":0,"7":1,"8":1,"9":1,"10":1,"11":0,"12":0,"13":1,"14":1},"f":{"0":1,"1":1,"2":1,"3":1},"b":{"0":[0,1],"1":[0,1]},"_coverageSchema":"332fd63041d2c1bcb487cc26dd0d5f7d97098a6c","hash":"6c57b371b4a7e6418d57111bfd8c2b036ccca258"}
,"C:\\Users\\Ådne\\Google Drive\\NTNU\\3. semester\\Systemutvikling 2 med web-applikasjoner\\newspaper\\react-services\\server\\dao\\nyhetssakdao.js": {"path":"C:\\Users\\Ådne\\Google Drive\\NTNU\\3. semester\\Systemutvikling 2 med web-applikasjoner\\newspaper\\react-services\\server\\dao\\nyhetssakdao.js","statementMap":{"0":{"start":{"line":2,"column":12},"end":{"line":2,"column":31}},"1":{"start":{"line":4,"column":0},"end":{"line":79,"column":2}},"2":{"start":{"line":7,"column":4},"end":{"line":11,"column":6}},"3":{"start":{"line":15,"column":4},"end":{"line":19,"column":6}},"4":{"start":{"line":23,"column":4},"end":{"line":27,"column":6}},"5":{"start":{"line":31,"column":4},"end":{"line":35,"column":6}},"6":{"start":{"line":39,"column":4},"end":{"line":43,"column":5}},"7":{"start":{"line":47,"column":4},"end":{"line":51,"column":6}},"8":{"start":{"line":55,"column":14},"end":{"line":55,"column":104}},"9":{"start":{"line":56,"column":4},"end":{"line":60,"column":6}},"10":{"start":{"line":64,"column":14},"end":{"line":64,"column":97}},"11":{"start":{"line":65,"column":4},"end":{"line":69,"column":6}},"12":{"start":{"line":73,"column":4},"end":{"line":77,"column":6}}},"fnMap":{"0":{"name":"(anonymous_0)","decl":{"start":{"line":6,"column":2},"end":{"line":6,"column":3}},"loc":{"start":{"line":6,"column":76},"end":{"line":12,"column":3}},"line":6},"1":{"name":"(anonymous_1)","decl":{"start":{"line":14,"column":2},"end":{"line":14,"column":3}},"loc":{"start":{"line":14,"column":72},"end":{"line":20,"column":3}},"line":14},"2":{"name":"(anonymous_2)","decl":{"start":{"line":22,"column":2},"end":{"line":22,"column":3}},"loc":{"start":{"line":22,"column":66},"end":{"line":28,"column":3}},"line":22},"3":{"name":"(anonymous_3)","decl":{"start":{"line":30,"column":2},"end":{"line":30,"column":3}},"loc":{"start":{"line":30,"column":82},"end":{"line":36,"column":3}},"line":30},"4":{"name":"(anonymous_4)","decl":{"start":{"line":38,"column":2},"end":{"line":38,"column":3}},"loc":{"start":{"line":38,"column":62},"end":{"line":44,"column":1}},"line":38},"5":{"name":"(anonymous_5)","decl":{"start":{"line":46,"column":2},"end":{"line":46,"column":3}},"loc":{"start":{"line":46,"column":66},"end":{"line":52,"column":3}},"line":46},"6":{"name":"(anonymous_6)","decl":{"start":{"line":54,"column":2},"end":{"line":54,"column":3}},"loc":{"start":{"line":54,"column":76},"end":{"line":61,"column":3}},"line":54},"7":{"name":"(anonymous_7)","decl":{"start":{"line":63,"column":2},"end":{"line":63,"column":3}},"loc":{"start":{"line":63,"column":76},"end":{"line":70,"column":3}},"line":63},"8":{"name":"(anonymous_8)","decl":{"start":{"line":72,"column":2},"end":{"line":72,"column":3}},"loc":{"start":{"line":72,"column":74},"end":{"line":78,"column":3}},"line":72}},"branchMap":{},"s":{"0":1,"1":1,"2":0,"3":0,"4":0,"5":0,"6":0,"7":0,"8":1,"9":1,"10":0,"11":0,"12":0},"f":{"0":0,"1":0,"2":0,"3":0,"4":0,"5":0,"6":1,"7":0,"8":0},"b":{},"_coverageSchema":"332fd63041d2c1bcb487cc26dd0d5f7d97098a6c","hash":"1d7dbbafd2bb2259b503bae59e148ebb1402668b"}
,"C:\\Users\\Ådne\\Google Drive\\NTNU\\3. semester\\Systemutvikling 2 med web-applikasjoner\\newspaper\\react-services\\server\\dao\\runsqlfile.js": {"path":"C:\\Users\\Ådne\\Google Drive\\NTNU\\3. semester\\Systemutvikling 2 med web-applikasjoner\\newspaper\\react-services\\server\\dao\\runsqlfile.js","statementMap":{"0":{"start":{"line":1,"column":12},"end":{"line":1,"column":28}},"1":{"start":{"line":2,"column":9},"end":{"line":2,"column":22}},"2":{"start":{"line":4,"column":0},"end":{"line":25,"column":2}},"3":{"start":{"line":5,"column":2},"end":{"line":5,"column":54}},"4":{"start":{"line":6,"column":12},"end":{"line":6,"column":45}},"5":{"start":{"line":7,"column":2},"end":{"line":24,"column":5}},"6":{"start":{"line":8,"column":4},"end":{"line":23,"column":5}},"7":{"start":{"line":9,"column":6},"end":{"line":9,"column":50}},"8":{"start":{"line":10,"column":6},"end":{"line":10,"column":13}},"9":{"start":{"line":12,"column":6},"end":{"line":12,"column":43}},"10":{"start":{"line":13,"column":6},"end":{"line":22,"column":9}},"11":{"start":{"line":14,"column":8},"end":{"line":14,"column":29}},"12":{"start":{"line":15,"column":8},"end":{"line":21,"column":9}},"13":{"start":{"line":16,"column":10},"end":{"line":16,"column":27}},"14":{"start":{"line":17,"column":10},"end":{"line":17,"column":17}},"15":{"start":{"line":19,"column":10},"end":{"line":19,"column":44}},"16":{"start":{"line":20,"column":10},"end":{"line":20,"column":17}}},"fnMap":{"0":{"name":"run","decl":{"start":{"line":4,"column":26},"end":{"line":4,"column":29}},"loc":{"start":{"line":4,"column":52},"end":{"line":25,"column":1}},"line":4},"1":{"name":"(anonymous_1)","decl":{"start":{"line":7,"column":21},"end":{"line":7,"column":22}},"loc":{"start":{"line":7,"column":42},"end":{"line":24,"column":3}},"line":7},"2":{"name":"(anonymous_2)","decl":{"start":{"line":13,"column":28},"end":{"line":13,"column":29}},"loc":{"start":{"line":13,"column":43},"end":{"line":22,"column":7}},"line":13}},"branchMap":{"0":{"loc":{"start":{"line":8,"column":4},"end":{"line":23,"column":5}},"type":"if","locations":[{"start":{"line":8,"column":4},"end":{"line":23,"column":5}},{"start":{"line":8,"column":4},"end":{"line":23,"column":5}}],"line":8},"1":{"loc":{"start":{"line":15,"column":8},"end":{"line":21,"column":9}},"type":"if","locations":[{"start":{"line":15,"column":8},"end":{"line":21,"column":9}},{"start":{"line":15,"column":8},"end":{"line":21,"column":9}}],"line":15}},"s":{"0":1,"1":1,"2":1,"3":0,"4":0,"5":0,"6":0,"7":0,"8":0,"9":0,"10":0,"11":0,"12":0,"13":0,"14":0,"15":0,"16":0},"f":{"0":0,"1":0,"2":0},"b":{"0":[0,0],"1":[0,0]},"_coverageSchema":"332fd63041d2c1bcb487cc26dd0d5f7d97098a6c","hash":"7ff0adf88f65e5a5d769712474f920bb16c9f54d"}
}
